----------------------------------------------------------------
Wed Oct 05 13:47:12 ICT 2022:
Booting Derby version The Apache Software Foundation - Apache Derby - 10.14.1.0 - (1808820): instance a816c00e-0183-a6e5-f6c1-0000082a1b10 
on database directory C:\java\sampledb2 with class loader WebAppClassLoader{Spring MVC Web Application}@227a933d 
Loaded from file:/C:/Users/AD/.m2/repository/org/apache/derby/derby/10.14.1.0/derby-10.14.1.0.jar
java.vendor=Oracle Corporation
java.runtime.version=18.0.2.1+1-1
user.dir=C:\java\springmvc
os.name=Windows 10
os.arch=amd64
os.version=10.0
derby.system.home=null
Database Class Loader started - derby.database.classpath=''
Wed Oct 05 14:10:39 ICT 2022 Thread[JettyShutdownThread,5,main] Cleanup action starting
java.sql.SQLException: Database 'C:/Java/sample2' not found.
	at org.apache.derby.impl.jdbc.SQLExceptionFactory.getSQLException(Unknown Source)
	at org.apache.derby.impl.jdbc.SQLExceptionFactory.getSQLException(Unknown Source)
	at org.apache.derby.impl.jdbc.Util.generateCsSQLException(Unknown Source)
	at org.apache.derby.impl.jdbc.Util.generateCsSQLException(Unknown Source)
	at org.apache.derby.impl.jdbc.EmbedConnection.newSQLException(Unknown Source)
	at org.apache.derby.impl.jdbc.EmbedConnection.handleDBNotFound(Unknown Source)
	at org.apache.derby.impl.jdbc.EmbedConnection.<init>(Unknown Source)
	at org.apache.derby.jdbc.InternalDriver$1.run(Unknown Source)
	at org.apache.derby.jdbc.InternalDriver$1.run(Unknown Source)
	at java.base/java.security.AccessController.doPrivileged(AccessController.java:569)
	at org.apache.derby.jdbc.InternalDriver.getNewEmbedConnection(Unknown Source)
	at org.apache.derby.jdbc.InternalDriver.connect(Unknown Source)
	at org.apache.derby.jdbc.InternalDriver.connect(Unknown Source)
	at org.apache.derby.jdbc.AutoloadedDriver.connect(Unknown Source)
	at java.sql/java.sql.DriverManager.getConnection(DriverManager.java:683)
	at java.sql/java.sql.DriverManager.getConnection(DriverManager.java:253)
	at edu.java.spring.controller.dao.impl.StudentDAOImpl.destroy(StudentDAOImpl.java:93)
	at org.springframework.beans.factory.support.DisposableBeanAdapter.destroy(DisposableBeanAdapter.java:213)
	at org.springframework.beans.factory.support.DefaultSingletonBeanRegistry.destroyBean(DefaultSingletonBeanRegistry.java:587)
	at org.springframework.beans.factory.support.DefaultSingletonBeanRegistry.destroySingleton(DefaultSingletonBeanRegistry.java:559)
	at org.springframework.beans.factory.support.DefaultListableBeanFactory.destroySingleton(DefaultListableBeanFactory.java:1163)
	at org.springframework.beans.factory.support.DefaultSingletonBeanRegistry.destroySingletons(DefaultSingletonBeanRegistry.java:520)
	at org.springframework.beans.factory.support.DefaultListableBeanFactory.destroySingletons(DefaultListableBeanFactory.java:1156)
	at org.springframework.context.support.AbstractApplicationContext.destroyBeans(AbstractApplicationContext.java:1106)
	at org.springframework.context.support.AbstractApplicationContext.doClose(AbstractApplicationContext.java:1075)
	at org.springframework.context.support.AbstractApplicationContext.close(AbstractApplicationContext.java:1021)
	at org.springframework.web.servlet.FrameworkServlet.destroy(FrameworkServlet.java:866)
	at org.eclipse.jetty.servlet.ServletHolder$Wrapper.destroy(ServletHolder.java:1329)
	at org.eclipse.jetty.servlet.ServletHolder.destroyInstance(ServletHolder.java:455)
	at org.eclipse.jetty.servlet.ServletHolder.doStop(ServletHolder.java:432)
	at org.eclipse.jetty.util.component.AbstractLifeCycle.stop(AbstractLifeCycle.java:132)
	at org.eclipse.jetty.servlet.ServletHandler.doStop(ServletHandler.java:282)
	at org.eclipse.jetty.util.component.AbstractLifeCycle.stop(AbstractLifeCycle.java:132)
	at org.eclipse.jetty.util.component.ContainerLifeCycle.stop(ContainerLifeCycle.java:182)
	at org.eclipse.jetty.util.component.ContainerLifeCycle.doStop(ContainerLifeCycle.java:205)
	at org.eclipse.jetty.server.handler.AbstractHandler.doStop(AbstractHandler.java:97)
	at org.eclipse.jetty.security.SecurityHandler.doStop(SecurityHandler.java:411)
	at org.eclipse.jetty.security.ConstraintSecurityHandler.doStop(ConstraintSecurityHandler.java:413)
	at org.eclipse.jetty.util.component.AbstractLifeCycle.stop(AbstractLifeCycle.java:132)
	at org.eclipse.jetty.util.component.ContainerLifeCycle.stop(ContainerLifeCycle.java:182)
	at org.eclipse.jetty.util.component.ContainerLifeCycle.doStop(ContainerLifeCycle.java:205)
	at org.eclipse.jetty.server.handler.AbstractHandler.doStop(AbstractHandler.java:97)
	at org.eclipse.jetty.server.session.SessionHandler.doStop(SessionHandler.java:498)
	at org.eclipse.jetty.util.component.AbstractLifeCycle.stop(AbstractLifeCycle.java:132)
	at org.eclipse.jetty.util.component.ContainerLifeCycle.stop(ContainerLifeCycle.java:182)
	at org.eclipse.jetty.util.component.ContainerLifeCycle.doStop(ContainerLifeCycle.java:205)
	at org.eclipse.jetty.server.handler.AbstractHandler.doStop(AbstractHandler.java:97)
	at org.eclipse.jetty.server.handler.ContextHandler.stopContext(ContextHandler.java:1038)
	at org.eclipse.jetty.servlet.ServletContextHandler.stopContext(ServletContextHandler.java:399)
	at org.eclipse.jetty.webapp.WebAppContext.stopContext(WebAppContext.java:1311)
	at org.eclipse.jetty.server.handler.ContextHandler.doStop(ContextHandler.java:1086)
	at org.eclipse.jetty.servlet.ServletContextHandler.doStop(ServletContextHandler.java:312)
	at org.eclipse.jetty.maven.plugin.MavenWebAppContext.doStop(MavenWebAppContext.java:342)
	at org.eclipse.jetty.util.component.AbstractLifeCycle.stop(AbstractLifeCycle.java:132)
	at org.eclipse.jetty.util.component.ContainerLifeCycle.stop(ContainerLifeCycle.java:182)
	at org.eclipse.jetty.util.component.ContainerLifeCycle.doStop(ContainerLifeCycle.java:205)
	at org.eclipse.jetty.server.handler.AbstractHandler.doStop(AbstractHandler.java:97)
	at org.eclipse.jetty.util.component.AbstractLifeCycle.stop(AbstractLifeCycle.java:132)
	at org.eclipse.jetty.util.component.ContainerLifeCycle.stop(ContainerLifeCycle.java:182)
	at org.eclipse.jetty.util.component.ContainerLifeCycle.doStop(ContainerLifeCycle.java:205)
	at org.eclipse.jetty.server.handler.AbstractHandler.doStop(AbstractHandler.java:97)
	at org.eclipse.jetty.util.component.AbstractLifeCycle.stop(AbstractLifeCycle.java:132)
	at org.eclipse.jetty.util.component.ContainerLifeCycle.stop(ContainerLifeCycle.java:182)
	at org.eclipse.jetty.util.component.ContainerLifeCycle.doStop(ContainerLifeCycle.java:205)
	at org.eclipse.jetty.server.handler.AbstractHandler.doStop(AbstractHandler.java:97)
	at org.eclipse.jetty.server.Server.doStop(Server.java:517)
	at org.eclipse.jetty.util.component.AbstractLifeCycle.stop(AbstractLifeCycle.java:132)
	at org.eclipse.jetty.util.thread.ShutdownThread.run(ShutdownThread.java:139)
Caused by: ERROR XJ004: Database 'C:/Java/sample2' not found.
	at org.apache.derby.iapi.error.StandardException.newException(Unknown Source)
	at org.apache.derby.impl.jdbc.SQLExceptionFactory.wrapArgsForTransportAcrossDRDA(Unknown Source)
	... 68 more
============= begin nested exception, level (1) ===========
ERROR XJ004: Database 'C:/Java/sample2' not found.
	at org.apache.derby.iapi.error.StandardException.newException(Unknown Source)
	at org.apache.derby.impl.jdbc.SQLExceptionFactory.wrapArgsForTransportAcrossDRDA(Unknown Source)
	at org.apache.derby.impl.jdbc.SQLExceptionFactory.getSQLException(Unknown Source)
	at org.apache.derby.impl.jdbc.SQLExceptionFactory.getSQLException(Unknown Source)
	at org.apache.derby.impl.jdbc.Util.generateCsSQLException(Unknown Source)
	at org.apache.derby.impl.jdbc.Util.generateCsSQLException(Unknown Source)
	at org.apache.derby.impl.jdbc.EmbedConnection.newSQLException(Unknown Source)
	at org.apache.derby.impl.jdbc.EmbedConnection.handleDBNotFound(Unknown Source)
	at org.apache.derby.impl.jdbc.EmbedConnection.<init>(Unknown Source)
	at org.apache.derby.jdbc.InternalDriver$1.run(Unknown Source)
	at org.apache.derby.jdbc.InternalDriver$1.run(Unknown Source)
	at java.base/java.security.AccessController.doPrivileged(AccessController.java:569)
	at org.apache.derby.jdbc.InternalDriver.getNewEmbedConnection(Unknown Source)
	at org.apache.derby.jdbc.InternalDriver.connect(Unknown Source)
	at org.apache.derby.jdbc.InternalDriver.connect(Unknown Source)
	at org.apache.derby.jdbc.AutoloadedDriver.connect(Unknown Source)
	at java.sql/java.sql.DriverManager.getConnection(DriverManager.java:683)
	at java.sql/java.sql.DriverManager.getConnection(DriverManager.java:253)
	at edu.java.spring.controller.dao.impl.StudentDAOImpl.destroy(StudentDAOImpl.java:93)
	at org.springframework.beans.factory.support.DisposableBeanAdapter.destroy(DisposableBeanAdapter.java:213)
	at org.springframework.beans.factory.support.DefaultSingletonBeanRegistry.destroyBean(DefaultSingletonBeanRegistry.java:587)
	at org.springframework.beans.factory.support.DefaultSingletonBeanRegistry.destroySingleton(DefaultSingletonBeanRegistry.java:559)
	at org.springframework.beans.factory.support.DefaultListableBeanFactory.destroySingleton(DefaultListableBeanFactory.java:1163)
	at org.springframework.beans.factory.support.DefaultSingletonBeanRegistry.destroySingletons(DefaultSingletonBeanRegistry.java:520)
	at org.springframework.beans.factory.support.DefaultListableBeanFactory.destroySingletons(DefaultListableBeanFactory.java:1156)
	at org.springframework.context.support.AbstractApplicationContext.destroyBeans(AbstractApplicationContext.java:1106)
	at org.springframework.context.support.AbstractApplicationContext.doClose(AbstractApplicationContext.java:1075)
	at org.springframework.context.support.AbstractApplicationContext.close(AbstractApplicationContext.java:1021)
	at org.springframework.web.servlet.FrameworkServlet.destroy(FrameworkServlet.java:866)
	at org.eclipse.jetty.servlet.ServletHolder$Wrapper.destroy(ServletHolder.java:1329)
	at org.eclipse.jetty.servlet.ServletHolder.destroyInstance(ServletHolder.java:455)
	at org.eclipse.jetty.servlet.ServletHolder.doStop(ServletHolder.java:432)
	at org.eclipse.jetty.util.component.AbstractLifeCycle.stop(AbstractLifeCycle.java:132)
	at org.eclipse.jetty.servlet.ServletHandler.doStop(ServletHandler.java:282)
	at org.eclipse.jetty.util.component.AbstractLifeCycle.stop(AbstractLifeCycle.java:132)
	at org.eclipse.jetty.util.component.ContainerLifeCycle.stop(ContainerLifeCycle.java:182)
	at org.eclipse.jetty.util.component.ContainerLifeCycle.doStop(ContainerLifeCycle.java:205)
	at org.eclipse.jetty.server.handler.AbstractHandler.doStop(AbstractHandler.java:97)
	at org.eclipse.jetty.security.SecurityHandler.doStop(SecurityHandler.java:411)
	at org.eclipse.jetty.security.ConstraintSecurityHandler.doStop(ConstraintSecurityHandler.java:413)
	at org.eclipse.jetty.util.component.AbstractLifeCycle.stop(AbstractLifeCycle.java:132)
	at org.eclipse.jetty.util.component.ContainerLifeCycle.stop(ContainerLifeCycle.java:182)
	at org.eclipse.jetty.util.component.ContainerLifeCycle.doStop(ContainerLifeCycle.java:205)
	at org.eclipse.jetty.server.handler.AbstractHandler.doStop(AbstractHandler.java:97)
	at org.eclipse.jetty.server.session.SessionHandler.doStop(SessionHandler.java:498)
	at org.eclipse.jetty.util.component.AbstractLifeCycle.stop(AbstractLifeCycle.java:132)
	at org.eclipse.jetty.util.component.ContainerLifeCycle.stop(ContainerLifeCycle.java:182)
	at org.eclipse.jetty.util.component.ContainerLifeCycle.doStop(ContainerLifeCycle.java:205)
	at org.eclipse.jetty.server.handler.AbstractHandler.doStop(AbstractHandler.java:97)
	at org.eclipse.jetty.server.handler.ContextHandler.stopContext(ContextHandler.java:1038)
	at org.eclipse.jetty.servlet.ServletContextHandler.stopContext(ServletContextHandler.java:399)
	at org.eclipse.jetty.webapp.WebAppContext.stopContext(WebAppContext.java:1311)
	at org.eclipse.jetty.server.handler.ContextHandler.doStop(ContextHandler.java:1086)
	at org.eclipse.jetty.servlet.ServletContextHandler.doStop(ServletContextHandler.java:312)
	at org.eclipse.jetty.maven.plugin.MavenWebAppContext.doStop(MavenWebAppContext.java:342)
	at org.eclipse.jetty.util.component.AbstractLifeCycle.stop(AbstractLifeCycle.java:132)
	at org.eclipse.jetty.util.component.ContainerLifeCycle.stop(ContainerLifeCycle.java:182)
	at org.eclipse.jetty.util.component.ContainerLifeCycle.doStop(ContainerLifeCycle.java:205)
	at org.eclipse.jetty.server.handler.AbstractHandler.doStop(AbstractHandler.java:97)
	at org.eclipse.jetty.util.component.AbstractLifeCycle.stop(AbstractLifeCycle.java:132)
	at org.eclipse.jetty.util.component.ContainerLifeCycle.stop(ContainerLifeCycle.java:182)
	at org.eclipse.jetty.util.component.ContainerLifeCycle.doStop(ContainerLifeCycle.java:205)
	at org.eclipse.jetty.server.handler.AbstractHandler.doStop(AbstractHandler.java:97)
	at org.eclipse.jetty.util.component.AbstractLifeCycle.stop(AbstractLifeCycle.java:132)
	at org.eclipse.jetty.util.component.ContainerLifeCycle.stop(ContainerLifeCycle.java:182)
	at org.eclipse.jetty.util.component.ContainerLifeCycle.doStop(ContainerLifeCycle.java:205)
	at org.eclipse.jetty.server.handler.AbstractHandler.doStop(AbstractHandler.java:97)
	at org.eclipse.jetty.server.Server.doStop(Server.java:517)
	at org.eclipse.jetty.util.component.AbstractLifeCycle.stop(AbstractLifeCycle.java:132)
	at org.eclipse.jetty.util.thread.ShutdownThread.run(ShutdownThread.java:139)
============= end nested exception, level (1) ===========
Cleanup action completed
